<?xml version="1.0" encoding="UTF-8"?>
<testsuite xmlns:xsi="http://www.w3.org/2001/XMLSchema-instance" xsi:noNamespaceSchemaLocation="https://maven.apache.org/surefire/maven-surefire-plugin/xsd/surefire-test-report-3.0.xsd" version="3.0" name="dk.sdu.mmmi.cbse.playersystem.PlayerPluginTest" time="0.031" tests="2" errors="0" skipped="0" failures="0">
  <properties>
[...]
</properties>
  <testcase name="testStart" classname="dk.sdu.mmmi.cbse.playersystem.PlayerPluginTest" time="0.013">
    <system-out><![CDATA[start
]]></system-out>
  </testcase>
  <testcase name="testStop" classname="dk.sdu.mmmi.cbse.playersystem.PlayerPluginTest" time="0.001">
    <system-out><![CDATA[stop
]]></system-out>
  </testcase>
</testsuite>